0 verbose cli /usr/bin/node /usr/bin/npm
1 info using npm@9.2.0
2 info using node@v18.19.1
3 timing npm:load:whichnode Completed in 0ms
4 timing config:load:defaults Completed in 2ms
5 timing config:load:file:/usr/share/nodejs/npm/npmrc Completed in 8ms
6 timing config:load:builtin Completed in 8ms
7 timing config:load:cli Completed in 2ms
8 timing config:load:env Completed in 0ms
9 timing config:load:project Completed in 2ms
10 timing config:load:file:/home/ubuntu/.npmrc Completed in 0ms
11 timing config:load:user Completed in 0ms
12 timing config:load:file:/etc/npmrc Completed in 0ms
13 timing config:load:global Completed in 1ms
14 timing config:load:setEnvs Completed in 1ms
15 timing config:load Completed in 17ms
16 timing npm:load:configload Completed in 18ms
17 timing npm:load:mkdirpcache Completed in 1ms
18 timing npm:load:mkdirplogs Completed in 0ms
19 verbose title npm install pg
20 verbose argv "install" "pg"
21 timing npm:load:setTitle Completed in 2ms
22 timing config:load:flatten Completed in 5ms
23 timing npm:load:display Completed in 6ms
24 verbose logfile logs-max:10 dir:/home/ubuntu/.npm/_logs/2025-12-22T20_44_55_376Z-
25 verbose logfile /home/ubuntu/.npm/_logs/2025-12-22T20_44_55_376Z-debug-0.log
26 timing npm:load:logFile Completed in 9ms
27 timing npm:load:timers Completed in 0ms
28 timing npm:load:configScope Completed in 0ms
29 timing npm:load Completed in 38ms
30 silly logfile done cleaning log files
31 timing config:load:flatten Completed in 0ms
32 timing arborist:ctor Completed in 1ms
33 timing arborist:ctor Completed in 0ms
34 timing idealTree:init Completed in 14ms
35 timing idealTree:userRequests Completed in 5ms
36 silly idealTree buildDeps
37 silly fetch manifest pg@*
38 http fetch GET 200 https://registry.npmjs.org/pg 167ms (cache miss)
39 silly fetch manifest pg-native@>=3.0.1
40 http fetch GET 200 https://registry.npmjs.org/pg-native 35ms (cache miss)
41 silly placeDep ROOT pg@8.16.3 OK for:  want: *
42 silly fetch manifest pg-connection-string@^2.9.1
43 silly fetch manifest pg-pool@^3.10.1
44 silly fetch manifest pg-protocol@^1.10.3
45 silly fetch manifest pg-types@2.2.0
46 silly fetch manifest pgpass@1.0.5
47 silly fetch manifest pg-cloudflare@^1.2.7
48 http fetch GET 200 https://registry.npmjs.org/pg-connection-string 42ms (cache miss)
49 http fetch GET 200 https://registry.npmjs.org/pg-cloudflare 70ms (cache miss)
50 http fetch GET 200 https://registry.npmjs.org/pgpass 72ms (cache miss)
51 http fetch GET 200 https://registry.npmjs.org/pg-protocol 76ms (cache miss)
52 http fetch GET 200 https://registry.npmjs.org/pg-types 76ms (cache miss)
53 http fetch GET 200 https://registry.npmjs.org/pg-pool 152ms (cache miss)
54 timing idealTree:#root Completed in 383ms
55 silly fetch manifest pg@>=8.0
56 silly placeDep ROOT pg-cloudflare@1.2.7 OK for: pg@8.16.3 want: ^1.2.7
57 silly placeDep ROOT pg-connection-string@2.9.1 OK for: pg@8.16.3 want: ^2.9.1
58 silly placeDep ROOT pg-pool@3.10.1 OK for: pg@8.16.3 want: ^3.10.1
59 silly placeDep ROOT pg-protocol@1.10.3 OK for: pg@8.16.3 want: ^1.10.3
60 silly placeDep ROOT pg-types@2.2.0 OK for: pg@8.16.3 want: 2.2.0
61 silly placeDep ROOT pgpass@1.0.5 OK for: pg@8.16.3 want: 1.0.5
62 silly fetch manifest pg-int8@1.0.1
63 silly fetch manifest postgres-date@~1.0.4
64 silly fetch manifest postgres-array@~2.0.0
65 silly fetch manifest postgres-bytea@~1.0.0
66 silly fetch manifest postgres-interval@^1.1.0
67 silly fetch manifest split2@^4.1.0
68 http fetch GET 200 https://registry.npmjs.org/postgres-bytea 65ms (cache miss)
69 http fetch GET 200 https://registry.npmjs.org/split2 67ms (cache miss)
70 http fetch GET 200 https://registry.npmjs.org/postgres-interval 69ms (cache miss)
71 http fetch GET 200 https://registry.npmjs.org/postgres-date 79ms (cache miss)
72 http fetch GET 200 https://registry.npmjs.org/pg-int8 84ms (cache miss)
73 http fetch GET 200 https://registry.npmjs.org/postgres-array 83ms (cache miss)
74 timing idealTree:node_modules/pg Completed in 107ms
75 timing idealTree:node_modules/pg-cloudflare Completed in 0ms
76 timing idealTree:node_modules/pg-connection-string Completed in 0ms
77 timing idealTree:node_modules/pg-pool Completed in 0ms
78 timing idealTree:node_modules/pg-protocol Completed in 0ms
79 silly placeDep ROOT pg-int8@1.0.1 OK for: pg-types@2.2.0 want: 1.0.1
80 silly placeDep ROOT postgres-array@2.0.0 OK for: pg-types@2.2.0 want: ~2.0.0
81 silly placeDep ROOT postgres-bytea@1.0.1 OK for: pg-types@2.2.0 want: ~1.0.0
82 silly placeDep ROOT postgres-date@1.0.7 OK for: pg-types@2.2.0 want: ~1.0.4
83 silly placeDep ROOT postgres-interval@1.2.0 OK for: pg-types@2.2.0 want: ^1.1.0
84 silly fetch manifest xtend@^4.0.0
85 http fetch GET 200 https://registry.npmjs.org/xtend 53ms (cache miss)
86 timing idealTree:node_modules/pg-types Completed in 66ms
87 timing idealTree:node_modules/pg-int8 Completed in 0ms
88 silly placeDep ROOT split2@4.2.0 OK for: pgpass@1.0.5 want: ^4.1.0
89 timing idealTree:node_modules/pgpass Completed in 9ms
90 timing idealTree:node_modules/postgres-array Completed in 1ms
91 timing idealTree:node_modules/postgres-bytea Completed in 0ms
92 timing idealTree:node_modules/postgres-date Completed in 1ms
93 silly placeDep ROOT xtend@4.0.2 OK for: postgres-interval@1.2.0 want: ^4.0.0
94 timing idealTree:node_modules/postgres-interval Completed in 1ms
95 timing idealTree:node_modules/split2 Completed in 0ms
96 timing idealTree:node_modules/xtend Completed in 0ms
97 timing idealTree:buildDeps Completed in 571ms
98 timing idealTree:fixDepFlags Completed in 1ms
99 timing idealTree Completed in 593ms
100 timing reify:loadTrees Completed in 595ms
101 timing reify:diffTrees Completed in 2ms
102 silly reify moves {}
103 timing reify:retireShallow Completed in 2ms
104 timing reify:createSparse Completed in 4ms
105 timing reify:loadBundles Completed in 0ms
106 silly tarball no local data for xtend@https://registry.npmjs.org/xtend/-/xtend-4.0.2.tgz. Extracting by manifest.
107 silly tarball no local data for split2@https://registry.npmjs.org/split2/-/split2-4.2.0.tgz. Extracting by manifest.
108 silly tarball no local data for postgres-interval@https://registry.npmjs.org/postgres-interval/-/postgres-interval-1.2.0.tgz. Extracting by manifest.
109 silly tarball no local data for postgres-date@https://registry.npmjs.org/postgres-date/-/postgres-date-1.0.7.tgz. Extracting by manifest.
110 silly tarball no local data for postgres-bytea@https://registry.npmjs.org/postgres-bytea/-/postgres-bytea-1.0.1.tgz. Extracting by manifest.
111 silly tarball no local data for postgres-array@https://registry.npmjs.org/postgres-array/-/postgres-array-2.0.0.tgz. Extracting by manifest.
112 silly tarball no local data for pgpass@https://registry.npmjs.org/pgpass/-/pgpass-1.0.5.tgz. Extracting by manifest.
113 silly tarball no local data for pg-int8@https://registry.npmjs.org/pg-int8/-/pg-int8-1.0.1.tgz. Extracting by manifest.
114 silly tarball no local data for pg-types@https://registry.npmjs.org/pg-types/-/pg-types-2.2.0.tgz. Extracting by manifest.
115 silly tarball no local data for pg-protocol@https://registry.npmjs.org/pg-protocol/-/pg-protocol-1.10.3.tgz. Extracting by manifest.
116 silly tarball no local data for pg-pool@https://registry.npmjs.org/pg-pool/-/pg-pool-3.10.1.tgz. Extracting by manifest.
117 silly tarball no local data for pg-connection-string@https://registry.npmjs.org/pg-connection-string/-/pg-connection-string-2.9.1.tgz. Extracting by manifest.
118 silly tarball no local data for pg-cloudflare@https://registry.npmjs.org/pg-cloudflare/-/pg-cloudflare-1.2.7.tgz. Extracting by manifest.
119 silly tarball no local data for pg@https://registry.npmjs.org/pg/-/pg-8.16.3.tgz. Extracting by manifest.
120 http fetch GET 200 https://registry.npmjs.org/postgres-interval/-/postgres-interval-1.2.0.tgz 212ms (cache miss)
121 timing reifyNode:node_modules/postgres-interval Completed in 236ms
122 http fetch GET 200 https://registry.npmjs.org/postgres-bytea/-/postgres-bytea-1.0.1.tgz 214ms (cache miss)
123 timing reifyNode:node_modules/postgres-bytea Completed in 240ms
124 http fetch GET 200 https://registry.npmjs.org/postgres-date/-/postgres-date-1.0.7.tgz 217ms (cache miss)
125 timing reifyNode:node_modules/postgres-date Completed in 242ms
126 http fetch GET 200 https://registry.npmjs.org/postgres-array/-/postgres-array-2.0.0.tgz 214ms (cache miss)
127 timing reifyNode:node_modules/postgres-array Completed in 245ms
128 http fetch GET 200 https://registry.npmjs.org/split2/-/split2-4.2.0.tgz 234ms (cache miss)
129 timing reifyNode:node_modules/split2 Completed in 256ms
130 http fetch GET 200 https://registry.npmjs.org/xtend/-/xtend-4.0.2.tgz 242ms (cache miss)
131 timing reifyNode:node_modules/xtend Completed in 262ms
132 http fetch GET 200 https://registry.npmjs.org/pg-int8/-/pg-int8-1.0.1.tgz 231ms (cache miss)
133 timing reifyNode:node_modules/pg-int8 Completed in 266ms
134 http fetch GET 200 https://registry.npmjs.org/pgpass/-/pgpass-1.0.5.tgz 239ms (cache miss)
135 timing reifyNode:node_modules/pgpass Completed in 269ms
136 http fetch GET 200 https://registry.npmjs.org/pg-connection-string/-/pg-connection-string-2.9.1.tgz 235ms (cache miss)
137 timing reifyNode:node_modules/pg-connection-string Completed in 282ms
138 http fetch GET 200 https://registry.npmjs.org/pg-pool/-/pg-pool-3.10.1.tgz 244ms (cache miss)
139 timing reifyNode:node_modules/pg-pool Completed in 285ms
140 http fetch GET 200 https://registry.npmjs.org/pg-cloudflare/-/pg-cloudflare-1.2.7.tgz 238ms (cache miss)
141 http fetch GET 200 https://registry.npmjs.org/pg-types/-/pg-types-2.2.0.tgz 252ms (cache miss)
142 timing reifyNode:node_modules/pg-types Completed in 289ms
143 timing reifyNode:node_modules/pg-cloudflare Completed in 290ms
144 http fetch GET 200 https://registry.npmjs.org/pg/-/pg-8.16.3.tgz 250ms (cache miss)
145 timing reifyNode:node_modules/pg Completed in 303ms
146 http fetch GET 200 https://registry.npmjs.org/pg-protocol/-/pg-protocol-1.10.3.tgz 271ms (cache miss)
147 timing reifyNode:node_modules/pg-protocol Completed in 310ms
148 timing reify:unpack Completed in 313ms
149 timing reify:unretire Completed in 0ms
150 timing build:queue Completed in 4ms
151 timing build:deps Completed in 4ms
152 timing build Completed in 4ms
153 timing reify:build Completed in 5ms
154 timing reify:trash Completed in 0ms
155 timing reify:save Completed in 18ms
156 timing reify Completed in 949ms
157 silly ADD node_modules/xtend
158 silly ADD node_modules/split2
159 silly ADD node_modules/postgres-interval
160 silly ADD node_modules/postgres-date
161 silly ADD node_modules/postgres-bytea
162 silly ADD node_modules/postgres-array
163 silly ADD node_modules/pg-int8
164 silly ADD node_modules/pgpass
165 silly ADD node_modules/pg-types
166 silly ADD node_modules/pg-protocol
167 silly ADD node_modules/pg-pool
168 silly ADD node_modules/pg-connection-string
169 silly ADD node_modules/pg-cloudflare
170 silly ADD node_modules/pg
171 timing command:install Completed in 958ms
172 verbose exit 0
173 timing npm Completed in 1027ms
174 info ok
