0 verbose cli /usr/bin/node /usr/bin/npm
1 info using npm@9.2.0
2 info using node@v18.19.1
3 timing npm:load:whichnode Completed in 0ms
4 timing config:load:defaults Completed in 4ms
5 timing config:load:file:/usr/share/nodejs/npm/npmrc Completed in 3ms
6 timing config:load:builtin Completed in 3ms
7 timing config:load:cli Completed in 3ms
8 timing config:load:env Completed in 1ms
9 timing config:load:project Completed in 2ms
10 timing config:load:file:/home/ubuntu/.npmrc Completed in 0ms
11 timing config:load:user Completed in 0ms
12 timing config:load:file:/etc/npmrc Completed in 1ms
13 timing config:load:global Completed in 1ms
14 timing config:load:setEnvs Completed in 1ms
15 timing config:load Completed in 15ms
16 timing npm:load:configload Completed in 17ms
17 timing npm:load:mkdirpcache Completed in 0ms
18 timing npm:load:mkdirplogs Completed in 0ms
19 verbose title npm install ejs
20 verbose argv "install" "ejs"
21 timing npm:load:setTitle Completed in 2ms
22 timing config:load:flatten Completed in 5ms
23 timing npm:load:display Completed in 7ms
24 verbose logfile logs-max:10 dir:/home/ubuntu/.npm/_logs/2025-12-22T22_45_05_405Z-
25 verbose logfile /home/ubuntu/.npm/_logs/2025-12-22T22_45_05_405Z-debug-0.log
26 timing npm:load:logFile Completed in 9ms
27 timing npm:load:timers Completed in 1ms
28 timing npm:load:configScope Completed in 0ms
29 timing npm:load Completed in 36ms
30 timing config:load:flatten Completed in 1ms
31 timing arborist:ctor Completed in 1ms
32 silly logfile done cleaning log files
33 timing idealTree:init Completed in 121ms
34 timing idealTree:userRequests Completed in 2ms
35 silly idealTree buildDeps
36 silly fetch manifest ejs@*
37 timing arborist:ctor Completed in 0ms
38 http fetch GET 200 https://registry.npmjs.org/ejs 208ms (cache miss)
39 silly placeDep ROOT ejs@3.1.10 OK for:  want: *
40 silly fetch manifest jake@^10.8.5
41 http fetch GET 200 https://registry.npmjs.org/jake 39ms (cache miss)
42 timing idealTree:#root Completed in 263ms
43 silly placeDep ROOT jake@10.9.4 OK for: ejs@3.1.10 want: ^10.8.5
44 silly fetch manifest async@^3.2.6
45 silly fetch manifest filelist@^1.0.4
46 silly fetch manifest picocolors@^1.1.1
47 http fetch GET 200 https://registry.npmjs.org/picocolors 48ms (cache miss)
48 http fetch GET 200 https://registry.npmjs.org/filelist 49ms (cache miss)
49 http fetch GET 200 https://registry.npmjs.org/async 51ms (cache miss)
50 timing idealTree:node_modules/ejs Completed in 55ms
51 silly placeDep ROOT async@3.2.6 OK for: jake@10.9.4 want: ^3.2.6
52 silly placeDep ROOT filelist@1.0.4 OK for: jake@10.9.4 want: ^1.0.4
53 silly placeDep ROOT picocolors@1.1.1 OK for: jake@10.9.4 want: ^1.1.1
54 silly fetch manifest minimatch@^5.0.1
55 http fetch GET 200 https://registry.npmjs.org/minimatch 63ms (cache miss)
56 timing idealTree:node_modules/jake Completed in 72ms
57 timing idealTree:node_modules/async Completed in 0ms
58 silly placeDep ROOT minimatch@5.1.6 OK for: filelist@1.0.4 want: ^5.0.1
59 silly fetch manifest brace-expansion@^2.0.1
60 http fetch GET 200 https://registry.npmjs.org/brace-expansion 36ms (cache miss)
61 timing idealTree:node_modules/filelist Completed in 41ms
62 silly placeDep ROOT brace-expansion@2.0.2 OK for: minimatch@5.1.6 want: ^2.0.1
63 silly fetch manifest balanced-match@^1.0.0
64 http fetch GET 200 https://registry.npmjs.org/balanced-match 38ms (cache miss)
65 timing idealTree:node_modules/minimatch Completed in 41ms
66 silly placeDep ROOT balanced-match@1.0.2 OK for: brace-expansion@2.0.2 want: ^1.0.0
67 timing idealTree:node_modules/brace-expansion Completed in 1ms
68 timing idealTree:node_modules/balanced-match Completed in 0ms
69 timing idealTree:node_modules/picocolors Completed in 0ms
70 timing idealTree:buildDeps Completed in 477ms
71 timing idealTree:fixDepFlags Completed in 1ms
72 timing idealTree Completed in 605ms
73 timing reify:loadTrees Completed in 607ms
74 timing reify:diffTrees Completed in 5ms
75 silly reify moves {}
76 timing reify:retireShallow Completed in 2ms
77 timing reify:createSparse Completed in 3ms
78 timing reify:loadBundles Completed in 0ms
79 silly audit bulk request {
79 silly audit   accepts: [ '2.0.0' ],
79 silly audit   bcrypt: [ '6.0.0' ],
79 silly audit   'body-parser': [ '2.2.1' ],
79 silly audit   'buffer-equal-constant-time': [ '1.0.1' ],
79 silly audit   bytes: [ '3.1.2' ],
79 silly audit   'call-bind-apply-helpers': [ '1.0.2' ],
79 silly audit   'call-bound': [ '1.0.4' ],
79 silly audit   'content-disposition': [ '1.0.1' ],
79 silly audit   'content-type': [ '1.0.5' ],
79 silly audit   cookie: [ '0.7.2' ],
79 silly audit   'cookie-signature': [ '1.2.2' ],
79 silly audit   debug: [ '4.4.3' ],
79 silly audit   depd: [ '2.0.0' ],
79 silly audit   'dunder-proto': [ '1.0.1' ],
79 silly audit   'ecdsa-sig-formatter': [ '1.0.11' ],
79 silly audit   'ee-first': [ '1.1.1' ],
79 silly audit   encodeurl: [ '2.0.0' ],
79 silly audit   'es-define-property': [ '1.0.1' ],
79 silly audit   'es-errors': [ '1.3.0' ],
79 silly audit   'es-object-atoms': [ '1.1.1' ],
79 silly audit   'escape-html': [ '1.0.3' ],
79 silly audit   etag: [ '1.8.1' ],
79 silly audit   express: [ '5.2.1' ],
79 silly audit   finalhandler: [ '2.1.1' ],
79 silly audit   forwarded: [ '0.2.0' ],
79 silly audit   fresh: [ '2.0.0' ],
79 silly audit   'function-bind': [ '1.1.2' ],
79 silly audit   'get-intrinsic': [ '1.3.0' ],
79 silly audit   'get-proto': [ '1.0.1' ],
79 silly audit   gopd: [ '1.2.0' ],
79 silly audit   'has-symbols': [ '1.1.0' ],
79 silly audit   hasown: [ '2.0.2' ],
79 silly audit   'http-errors': [ '2.0.1' ],
79 silly audit   'iconv-lite': [ '0.7.1' ],
79 silly audit   inherits: [ '2.0.4' ],
79 silly audit   'ipaddr.js': [ '1.9.1' ],
79 silly audit   'is-promise': [ '4.0.0' ],
79 silly audit   jsonwebtoken: [ '9.0.3' ],
79 silly audit   jwa: [ '2.0.1' ],
79 silly audit   jws: [ '4.0.1' ],
79 silly audit   'lodash.includes': [ '4.3.0' ],
79 silly audit   'lodash.isboolean': [ '3.0.3' ],
79 silly audit   'lodash.isinteger': [ '4.0.4' ],
79 silly audit   'lodash.isnumber': [ '3.0.3' ],
79 silly audit   'lodash.isplainobject': [ '4.0.6' ],
79 silly audit   'lodash.isstring': [ '4.0.1' ],
79 silly audit   'lodash.once': [ '4.1.1' ],
79 silly audit   'math-intrinsics': [ '1.1.0' ],
79 silly audit   'media-typer': [ '1.1.0' ],
79 silly audit   'merge-descriptors': [ '2.0.0' ],
79 silly audit   'mime-db': [ '1.54.0' ],
79 silly audit   'mime-types': [ '3.0.2' ],
79 silly audit   ms: [ '2.1.3' ],
79 silly audit   negotiator: [ '1.0.0' ],
79 silly audit   'node-addon-api': [ '8.5.0' ],
79 silly audit   'node-gyp-build': [ '4.8.4' ],
79 silly audit   'object-inspect': [ '1.13.4' ],
79 silly audit   'on-finished': [ '2.4.1' ],
79 silly audit   once: [ '1.4.0' ],
79 silly audit   parseurl: [ '1.3.3' ],
79 silly audit   'path-to-regexp': [ '8.3.0' ],
79 silly audit   pg: [ '8.16.3' ],
79 silly audit   'pg-cloudflare': [ '1.2.7' ],
79 silly audit   'pg-connection-string': [ '2.9.1' ],
79 silly audit   'pg-int8': [ '1.0.1' ],
79 silly audit   'pg-pool': [ '3.10.1' ],
79 silly audit   'pg-protocol': [ '1.10.3' ],
79 silly audit   'pg-types': [ '2.2.0' ],
79 silly audit   pgpass: [ '1.0.5' ],
79 silly audit   'postgres-array': [ '2.0.0' ],
79 silly audit   'postgres-bytea': [ '1.0.1' ],
79 silly audit   'postgres-date': [ '1.0.7' ],
79 silly audit   'postgres-interval': [ '1.2.0' ],
79 silly audit   'proxy-addr': [ '2.0.7' ],
79 silly audit   qs: [ '6.14.0' ],
79 silly audit   'range-parser': [ '1.2.1' ],
79 silly audit   'raw-body': [ '3.0.2' ],
79 silly audit   router: [ '2.2.0' ],
79 silly audit   'safe-buffer': [ '5.2.1' ],
79 silly audit   'safer-buffer': [ '2.1.2' ],
79 silly audit   semver: [ '7.7.3' ],
79 silly audit   send: [ '1.2.1' ],
79 silly audit   'serve-static': [ '2.2.1' ],
79 silly audit   setprototypeof: [ '1.2.0' ],
79 silly audit   'side-channel': [ '1.1.0' ],
79 silly audit   'side-channel-list': [ '1.0.0' ],
79 silly audit   'side-channel-map': [ '1.0.1' ],
79 silly audit   'side-channel-weakmap': [ '1.0.2' ],
79 silly audit   split2: [ '4.2.0' ],
79 silly audit   statuses: [ '2.0.2' ],
79 silly audit   toidentifier: [ '1.0.1' ],
79 silly audit   'type-is': [ '2.0.1' ],
79 silly audit   unpipe: [ '1.0.0' ],
79 silly audit   vary: [ '1.1.2' ],
79 silly audit   wrappy: [ '1.0.2' ],
79 silly audit   xtend: [ '4.0.2' ],
79 silly audit   ejs: [ '3.1.10' ],
79 silly audit   jake: [ '10.9.4' ],
79 silly audit   async: [ '3.2.6' ],
79 silly audit   filelist: [ '1.0.4' ],
79 silly audit   picocolors: [ '1.1.1' ],
79 silly audit   minimatch: [ '5.1.6' ],
79 silly audit   'brace-expansion': [ '2.0.2' ],
79 silly audit   'balanced-match': [ '1.0.2' ]
79 silly audit }
80 silly tarball no local data for balanced-match@https://registry.npmjs.org/balanced-match/-/balanced-match-1.0.2.tgz. Extracting by manifest.
81 silly tarball no local data for minimatch@https://registry.npmjs.org/minimatch/-/minimatch-5.1.6.tgz. Extracting by manifest.
82 silly tarball no local data for picocolors@https://registry.npmjs.org/picocolors/-/picocolors-1.1.1.tgz. Extracting by manifest.
83 silly tarball no local data for filelist@https://registry.npmjs.org/filelist/-/filelist-1.0.4.tgz. Extracting by manifest.
84 silly tarball no local data for brace-expansion@https://registry.npmjs.org/brace-expansion/-/brace-expansion-2.0.2.tgz. Extracting by manifest.
85 silly tarball no local data for async@https://registry.npmjs.org/async/-/async-3.2.6.tgz. Extracting by manifest.
86 silly tarball no local data for jake@https://registry.npmjs.org/jake/-/jake-10.9.4.tgz. Extracting by manifest.
87 silly tarball no local data for ejs@https://registry.npmjs.org/ejs/-/ejs-3.1.10.tgz. Extracting by manifest.
88 http fetch POST 200 https://registry.npmjs.org/-/npm/v1/security/advisories/bulk 123ms
89 timing auditReport:getReport Completed in 128ms
90 silly audit report {}
91 timing auditReport:init Completed in 0ms
92 timing reify:audit Completed in 129ms
93 http fetch GET 200 https://registry.npmjs.org/minimatch/-/minimatch-5.1.6.tgz 108ms (cache miss)
94 timing reifyNode:node_modules/minimatch Completed in 123ms
95 http fetch GET 200 https://registry.npmjs.org/picocolors/-/picocolors-1.1.1.tgz 116ms (cache miss)
96 http fetch GET 200 https://registry.npmjs.org/balanced-match/-/balanced-match-1.0.2.tgz 120ms (cache miss)
97 timing reifyNode:node_modules/balanced-match Completed in 134ms
98 timing reifyNode:node_modules/picocolors Completed in 134ms
99 http fetch GET 200 https://registry.npmjs.org/brace-expansion/-/brace-expansion-2.0.2.tgz 120ms (cache miss)
100 timing reifyNode:node_modules/brace-expansion Completed in 138ms
101 http fetch GET 200 https://registry.npmjs.org/filelist/-/filelist-1.0.4.tgz 178ms (cache miss)
102 timing reifyNode:node_modules/filelist Completed in 195ms
103 http fetch GET 200 https://registry.npmjs.org/ejs/-/ejs-3.1.10.tgz 184ms (cache miss)
104 timing reifyNode:node_modules/ejs Completed in 207ms
105 http fetch GET 200 https://registry.npmjs.org/jake/-/jake-10.9.4.tgz 213ms (cache miss)
106 timing reifyNode:node_modules/jake Completed in 233ms
107 http fetch GET 200 https://registry.npmjs.org/async/-/async-3.2.6.tgz 261ms (cache miss)
108 timing reifyNode:node_modules/async Completed in 279ms
109 timing reify:unpack Completed in 281ms
110 timing reify:unretire Completed in 1ms
111 timing build:queue Completed in 1ms
112 timing build:link:node_modules/ejs Completed in 4ms
113 timing build:link:node_modules/jake Completed in 2ms
114 timing build:link Completed in 4ms
115 timing build:deps Completed in 6ms
116 timing build Completed in 6ms
117 timing reify:build Completed in 7ms
118 timing reify:trash Completed in 0ms
119 timing reify:save Completed in 39ms
120 timing reify Completed in 986ms
121 silly ADD node_modules/balanced-match
122 silly ADD node_modules/brace-expansion
123 silly ADD node_modules/minimatch
124 silly ADD node_modules/picocolors
125 silly ADD node_modules/filelist
126 silly ADD node_modules/async
127 silly ADD node_modules/jake
128 silly ADD node_modules/ejs
129 timing command:install Completed in 1000ms
130 verbose exit 0
131 timing npm Completed in 1054ms
132 info ok
