0 verbose cli /usr/bin/node /usr/bin/npm
1 info using npm@9.2.0
2 info using node@v18.19.1
3 timing npm:load:whichnode Completed in 0ms
4 timing config:load:defaults Completed in 4ms
5 timing config:load:file:/usr/share/nodejs/npm/npmrc Completed in 3ms
6 timing config:load:builtin Completed in 3ms
7 timing config:load:cli Completed in 3ms
8 timing config:load:env Completed in 1ms
9 timing config:load:project Completed in 1ms
10 timing config:load:file:/home/ubuntu/.npmrc Completed in 1ms
11 timing config:load:user Completed in 1ms
12 timing config:load:file:/etc/npmrc Completed in 0ms
13 timing config:load:global Completed in 0ms
14 timing config:load:setEnvs Completed in 2ms
15 timing config:load Completed in 15ms
16 timing npm:load:configload Completed in 15ms
17 timing npm:load:mkdirpcache Completed in 1ms
18 timing npm:load:mkdirplogs Completed in 1ms
19 verbose title npm start
20 verbose argv "start"
21 timing npm:load:setTitle Completed in 2ms
22 timing config:load:flatten Completed in 5ms
23 timing npm:load:display Completed in 6ms
24 verbose logfile logs-max:10 dir:/home/ubuntu/.npm/_logs/2025-12-30T18_30_04_651Z-
25 verbose logfile /home/ubuntu/.npm/_logs/2025-12-30T18_30_04_651Z-debug-0.log
26 timing npm:load:logFile Completed in 10ms
27 timing npm:load:timers Completed in 0ms
28 timing npm:load:configScope Completed in 0ms
29 timing npm:load Completed in 37ms
30 silly logfile start cleaning logs, removing 1 files
31 timing config:load:flatten Completed in 0ms
32 silly logfile done cleaning log files
33 timing command:run-script Completed in 5ms
34 timing command:start Completed in 11ms
35 verbose stack JSONParseError: Unexpected string in JSON at position 297 while parsing '{
35 verbose stack   "dependencies": {
35 verbose stack     "bcrypt": "^6.'
35 verbose stack     at /usr/share/nodejs/npm/node_modules/read-package-json-fast/lib/index.js:11:61
35 verbose stack     at async RunScript.run (/usr/share/nodejs/npm/lib/commands/run-script.js:78:19)
35 verbose stack     at async module.exports (/usr/share/nodejs/npm/lib/cli.js:133:5)
36 verbose cwd /home/ubuntu
37 verbose Linux 6.14.0-1015-aws
38 verbose node v18.19.1
39 verbose npm  v9.2.0
40 error code EJSONPARSE
41 error path /home/ubuntu/package.json
42 error JSON.parse Unexpected string in JSON at position 297 while parsing '{
42 error JSON.parse   "dependencies": {
42 error JSON.parse     "bcrypt": "^6.'
43 error JSON.parse Failed to parse JSON data.
43 error JSON.parse Note: package.json must be actual JSON, not just JavaScript.
44 verbose exit 1
45 timing npm Completed in 73ms
46 verbose code 1
47 error A complete log of this run can be found in:
47 error     /home/ubuntu/.npm/_logs/2025-12-30T18_30_04_651Z-debug-0.log
