0 verbose cli /usr/bin/node /usr/bin/npm
1 info using npm@9.2.0
2 info using node@v18.19.1
3 timing npm:load:whichnode Completed in 0ms
4 timing config:load:defaults Completed in 2ms
5 timing config:load:file:/usr/share/nodejs/npm/npmrc Completed in 3ms
6 timing config:load:builtin Completed in 3ms
7 timing config:load:cli Completed in 3ms
8 timing config:load:env Completed in 0ms
9 timing config:load:project Completed in 1ms
10 timing config:load:file:/home/ubuntu/.npmrc Completed in 0ms
11 timing config:load:user Completed in 0ms
12 timing config:load:file:/etc/npmrc Completed in 0ms
13 timing config:load:global Completed in 0ms
14 timing config:load:setEnvs Completed in 1ms
15 timing config:load Completed in 12ms
16 timing npm:load:configload Completed in 13ms
17 timing npm:load:mkdirpcache Completed in 0ms
18 timing npm:load:mkdirplogs Completed in 1ms
19 verbose title npm install bcrypt jsonwebtoken
20 verbose argv "install" "bcrypt" "jsonwebtoken"
21 timing npm:load:setTitle Completed in 2ms
22 timing config:load:flatten Completed in 5ms
23 timing npm:load:display Completed in 6ms
24 verbose logfile logs-max:10 dir:/home/ubuntu/.npm/_logs/2025-12-22T22_27_52_308Z-
25 verbose logfile /home/ubuntu/.npm/_logs/2025-12-22T22_27_52_308Z-debug-0.log
26 timing npm:load:logFile Completed in 10ms
27 timing npm:load:timers Completed in 0ms
28 timing npm:load:configScope Completed in 0ms
29 timing npm:load Completed in 33ms
30 silly logfile done cleaning log files
31 timing config:load:flatten Completed in 1ms
32 timing arborist:ctor Completed in 1ms
33 timing idealTree:init Completed in 112ms
34 timing idealTree:userRequests Completed in 3ms
35 silly idealTree buildDeps
36 silly fetch manifest bcrypt@*
37 timing arborist:ctor Completed in 0ms
38 http fetch GET 200 https://registry.npmjs.org/bcrypt 184ms (cache miss)
39 silly fetch manifest jsonwebtoken@*
40 http fetch GET 200 https://registry.npmjs.org/jsonwebtoken 50ms (cache miss)
41 silly placeDep ROOT bcrypt@6.0.0 OK for:  want: *
42 silly placeDep ROOT jsonwebtoken@9.0.3 OK for:  want: *
43 silly fetch manifest node-addon-api@^8.3.0
44 silly fetch manifest node-gyp-build@^4.8.4
45 silly fetch manifest jws@^4.0.1
46 silly fetch manifest lodash.includes@^4.3.0
47 silly fetch manifest lodash.isboolean@^3.0.3
48 silly fetch manifest lodash.isinteger@^4.0.4
49 silly fetch manifest lodash.isnumber@^3.0.3
50 silly fetch manifest lodash.isplainobject@^4.0.6
51 silly fetch manifest lodash.isstring@^4.0.1
52 silly fetch manifest lodash.once@^4.0.0
53 silly fetch manifest semver@^7.5.4
54 http fetch GET 200 https://registry.npmjs.org/lodash.includes 126ms (cache miss)
55 http fetch GET 200 https://registry.npmjs.org/node-addon-api 130ms (cache miss)
56 http fetch GET 200 https://registry.npmjs.org/lodash.once 127ms (cache miss)
57 http fetch GET 200 https://registry.npmjs.org/lodash.isinteger 130ms (cache miss)
58 http fetch GET 200 https://registry.npmjs.org/lodash.isnumber 131ms (cache miss)
59 http fetch GET 200 https://registry.npmjs.org/lodash.isstring 133ms (cache miss)
60 http fetch GET 200 https://registry.npmjs.org/lodash.isboolean 136ms (cache miss)
61 http fetch GET 200 https://registry.npmjs.org/lodash.isplainobject 136ms (cache miss)
62 http fetch GET 200 https://registry.npmjs.org/jws 140ms (cache miss)
63 http fetch GET 200 https://registry.npmjs.org/node-gyp-build 143ms (cache miss)
64 http fetch GET 200 https://registry.npmjs.org/semver 142ms (cache miss)
65 timing idealTree:#root Completed in 403ms
66 silly placeDep ROOT node-addon-api@8.5.0 OK for: bcrypt@6.0.0 want: ^8.3.0
67 silly placeDep ROOT node-gyp-build@4.8.4 OK for: bcrypt@6.0.0 want: ^4.8.4
68 timing idealTree:node_modules/bcrypt Completed in 5ms
69 silly placeDep ROOT jws@4.0.1 OK for: jsonwebtoken@9.0.3 want: ^4.0.1
70 silly placeDep ROOT lodash.includes@4.3.0 OK for: jsonwebtoken@9.0.3 want: ^4.3.0
71 silly placeDep ROOT lodash.isboolean@3.0.3 OK for: jsonwebtoken@9.0.3 want: ^3.0.3
72 silly placeDep ROOT lodash.isinteger@4.0.4 OK for: jsonwebtoken@9.0.3 want: ^4.0.4
73 silly placeDep ROOT lodash.isnumber@3.0.3 OK for: jsonwebtoken@9.0.3 want: ^3.0.3
74 silly placeDep ROOT lodash.isplainobject@4.0.6 OK for: jsonwebtoken@9.0.3 want: ^4.0.6
75 silly placeDep ROOT lodash.isstring@4.0.1 OK for: jsonwebtoken@9.0.3 want: ^4.0.1
76 silly placeDep ROOT lodash.once@4.1.1 OK for: jsonwebtoken@9.0.3 want: ^4.0.0
77 silly placeDep ROOT semver@7.7.3 OK for: jsonwebtoken@9.0.3 want: ^7.5.4
78 silly fetch manifest jwa@^2.0.1
79 silly fetch manifest safe-buffer@^5.0.1
80 http fetch GET 200 https://registry.npmjs.org/jwa 38ms (cache miss)
81 http fetch GET 200 https://registry.npmjs.org/safe-buffer 55ms (cache miss)
82 timing idealTree:node_modules/jsonwebtoken Completed in 70ms
83 silly placeDep ROOT jwa@2.0.1 OK for: jws@4.0.1 want: ^2.0.1
84 silly placeDep ROOT safe-buffer@5.2.1 OK for: jws@4.0.1 want: ^5.0.1
85 silly fetch manifest ecdsa-sig-formatter@1.0.11
86 silly fetch manifest buffer-equal-constant-time@^1.0.1
87 http fetch GET 200 https://registry.npmjs.org/buffer-equal-constant-time 37ms (cache miss)
88 http fetch GET 200 https://registry.npmjs.org/ecdsa-sig-formatter 39ms (cache miss)
89 timing idealTree:node_modules/jws Completed in 44ms
90 silly placeDep ROOT buffer-equal-constant-time@1.0.1 OK for: jwa@2.0.1 want: ^1.0.1
91 silly placeDep ROOT ecdsa-sig-formatter@1.0.11 OK for: jwa@2.0.1 want: 1.0.11
92 timing idealTree:node_modules/jwa Completed in 3ms
93 timing idealTree:node_modules/buffer-equal-constant-time Completed in 0ms
94 timing idealTree:node_modules/ecdsa-sig-formatter Completed in 0ms
95 timing idealTree:node_modules/lodash.includes Completed in 1ms
96 timing idealTree:node_modules/lodash.isboolean Completed in 0ms
97 timing idealTree:node_modules/lodash.isinteger Completed in 0ms
98 timing idealTree:node_modules/lodash.isnumber Completed in 0ms
99 timing idealTree:node_modules/lodash.isplainobject Completed in 0ms
100 timing idealTree:node_modules/lodash.isstring Completed in 0ms
101 timing idealTree:node_modules/lodash.once Completed in 0ms
102 timing idealTree:node_modules/node-addon-api Completed in 0ms
103 timing idealTree:node_modules/node-gyp-build Completed in 0ms
104 timing idealTree:node_modules/safe-buffer Completed in 0ms
105 timing idealTree:node_modules/semver Completed in 0ms
106 timing idealTree:buildDeps Completed in 528ms
107 timing idealTree:fixDepFlags Completed in 2ms
108 timing idealTree Completed in 651ms
109 timing reify:loadTrees Completed in 653ms
110 timing reify:diffTrees Completed in 4ms
111 silly reify moves {}
112 timing reify:retireShallow Completed in 1ms
113 timing reify:createSparse Completed in 4ms
114 timing reify:loadBundles Completed in 0ms
115 silly audit bulk request {
115 silly audit   accepts: [ '2.0.0' ],
115 silly audit   'body-parser': [ '2.2.1' ],
115 silly audit   bytes: [ '3.1.2' ],
115 silly audit   'call-bind-apply-helpers': [ '1.0.2' ],
115 silly audit   'call-bound': [ '1.0.4' ],
115 silly audit   'content-disposition': [ '1.0.1' ],
115 silly audit   'content-type': [ '1.0.5' ],
115 silly audit   cookie: [ '0.7.2' ],
115 silly audit   'cookie-signature': [ '1.2.2' ],
115 silly audit   debug: [ '4.4.3' ],
115 silly audit   depd: [ '2.0.0' ],
115 silly audit   'dunder-proto': [ '1.0.1' ],
115 silly audit   'ee-first': [ '1.1.1' ],
115 silly audit   encodeurl: [ '2.0.0' ],
115 silly audit   'es-define-property': [ '1.0.1' ],
115 silly audit   'es-errors': [ '1.3.0' ],
115 silly audit   'es-object-atoms': [ '1.1.1' ],
115 silly audit   'escape-html': [ '1.0.3' ],
115 silly audit   etag: [ '1.8.1' ],
115 silly audit   express: [ '5.2.1' ],
115 silly audit   finalhandler: [ '2.1.1' ],
115 silly audit   forwarded: [ '0.2.0' ],
115 silly audit   fresh: [ '2.0.0' ],
115 silly audit   'function-bind': [ '1.1.2' ],
115 silly audit   'get-intrinsic': [ '1.3.0' ],
115 silly audit   'get-proto': [ '1.0.1' ],
115 silly audit   gopd: [ '1.2.0' ],
115 silly audit   'has-symbols': [ '1.1.0' ],
115 silly audit   hasown: [ '2.0.2' ],
115 silly audit   'http-errors': [ '2.0.1' ],
115 silly audit   'iconv-lite': [ '0.7.1' ],
115 silly audit   inherits: [ '2.0.4' ],
115 silly audit   'ipaddr.js': [ '1.9.1' ],
115 silly audit   'is-promise': [ '4.0.0' ],
115 silly audit   'math-intrinsics': [ '1.1.0' ],
115 silly audit   'media-typer': [ '1.1.0' ],
115 silly audit   'merge-descriptors': [ '2.0.0' ],
115 silly audit   'mime-db': [ '1.54.0' ],
115 silly audit   'mime-types': [ '3.0.2' ],
115 silly audit   ms: [ '2.1.3' ],
115 silly audit   negotiator: [ '1.0.0' ],
115 silly audit   'object-inspect': [ '1.13.4' ],
115 silly audit   'on-finished': [ '2.4.1' ],
115 silly audit   once: [ '1.4.0' ],
115 silly audit   parseurl: [ '1.3.3' ],
115 silly audit   'path-to-regexp': [ '8.3.0' ],
115 silly audit   pg: [ '8.16.3' ],
115 silly audit   'pg-cloudflare': [ '1.2.7' ],
115 silly audit   'pg-connection-string': [ '2.9.1' ],
115 silly audit   'pg-int8': [ '1.0.1' ],
115 silly audit   'pg-pool': [ '3.10.1' ],
115 silly audit   'pg-protocol': [ '1.10.3' ],
115 silly audit   'pg-types': [ '2.2.0' ],
115 silly audit   pgpass: [ '1.0.5' ],
115 silly audit   'postgres-array': [ '2.0.0' ],
115 silly audit   'postgres-bytea': [ '1.0.1' ],
115 silly audit   'postgres-date': [ '1.0.7' ],
115 silly audit   'postgres-interval': [ '1.2.0' ],
115 silly audit   'proxy-addr': [ '2.0.7' ],
115 silly audit   qs: [ '6.14.0' ],
115 silly audit   'range-parser': [ '1.2.1' ],
115 silly audit   'raw-body': [ '3.0.2' ],
115 silly audit   router: [ '2.2.0' ],
115 silly audit   'safer-buffer': [ '2.1.2' ],
115 silly audit   send: [ '1.2.1' ],
115 silly audit   'serve-static': [ '2.2.1' ],
115 silly audit   setprototypeof: [ '1.2.0' ],
115 silly audit   'side-channel': [ '1.1.0' ],
115 silly audit   'side-channel-list': [ '1.0.0' ],
115 silly audit   'side-channel-map': [ '1.0.1' ],
115 silly audit   'side-channel-weakmap': [ '1.0.2' ],
115 silly audit   split2: [ '4.2.0' ],
115 silly audit   statuses: [ '2.0.2' ],
115 silly audit   toidentifier: [ '1.0.1' ],
115 silly audit   'type-is': [ '2.0.1' ],
115 silly audit   unpipe: [ '1.0.0' ],
115 silly audit   vary: [ '1.1.2' ],
115 silly audit   wrappy: [ '1.0.2' ],
115 silly audit   xtend: [ '4.0.2' ],
115 silly audit   bcrypt: [ '6.0.0' ],
115 silly audit   jsonwebtoken: [ '9.0.3' ],
115 silly audit   'node-addon-api': [ '8.5.0' ],
115 silly audit   'node-gyp-build': [ '4.8.4' ],
115 silly audit   jws: [ '4.0.1' ],
115 silly audit   'lodash.includes': [ '4.3.0' ],
115 silly audit   'lodash.isboolean': [ '3.0.3' ],
115 silly audit   'lodash.isinteger': [ '4.0.4' ],
115 silly audit   'lodash.isnumber': [ '3.0.3' ],
115 silly audit   'lodash.isplainobject': [ '4.0.6' ],
115 silly audit   'lodash.isstring': [ '4.0.1' ],
115 silly audit   'lodash.once': [ '4.1.1' ],
115 silly audit   semver: [ '7.7.3' ],
115 silly audit   jwa: [ '2.0.1' ],
115 silly audit   'safe-buffer': [ '5.2.1' ],
115 silly audit   'buffer-equal-constant-time': [ '1.0.1' ],
115 silly audit   'ecdsa-sig-formatter': [ '1.0.11' ]
115 silly audit }
116 silly tarball no local data for ecdsa-sig-formatter@https://registry.npmjs.org/ecdsa-sig-formatter/-/ecdsa-sig-formatter-1.0.11.tgz. Extracting by manifest.
117 silly tarball no local data for buffer-equal-constant-time@https://registry.npmjs.org/buffer-equal-constant-time/-/buffer-equal-constant-time-1.0.1.tgz. Extracting by manifest.
118 silly tarball no local data for safe-buffer@https://registry.npmjs.org/safe-buffer/-/safe-buffer-5.2.1.tgz. Extracting by manifest.
119 silly tarball no local data for jwa@https://registry.npmjs.org/jwa/-/jwa-2.0.1.tgz. Extracting by manifest.
120 silly tarball no local data for semver@https://registry.npmjs.org/semver/-/semver-7.7.3.tgz. Extracting by manifest.
121 silly tarball no local data for lodash.once@https://registry.npmjs.org/lodash.once/-/lodash.once-4.1.1.tgz. Extracting by manifest.
122 silly tarball no local data for lodash.isstring@https://registry.npmjs.org/lodash.isstring/-/lodash.isstring-4.0.1.tgz. Extracting by manifest.
123 silly tarball no local data for lodash.isplainobject@https://registry.npmjs.org/lodash.isplainobject/-/lodash.isplainobject-4.0.6.tgz. Extracting by manifest.
124 silly tarball no local data for lodash.isnumber@https://registry.npmjs.org/lodash.isnumber/-/lodash.isnumber-3.0.3.tgz. Extracting by manifest.
125 silly tarball no local data for lodash.isinteger@https://registry.npmjs.org/lodash.isinteger/-/lodash.isinteger-4.0.4.tgz. Extracting by manifest.
126 silly tarball no local data for lodash.isboolean@https://registry.npmjs.org/lodash.isboolean/-/lodash.isboolean-3.0.3.tgz. Extracting by manifest.
127 silly tarball no local data for lodash.includes@https://registry.npmjs.org/lodash.includes/-/lodash.includes-4.3.0.tgz. Extracting by manifest.
128 silly tarball no local data for jws@https://registry.npmjs.org/jws/-/jws-4.0.1.tgz. Extracting by manifest.
129 silly tarball no local data for node-gyp-build@https://registry.npmjs.org/node-gyp-build/-/node-gyp-build-4.8.4.tgz. Extracting by manifest.
130 silly tarball no local data for node-addon-api@https://registry.npmjs.org/node-addon-api/-/node-addon-api-8.5.0.tgz. Extracting by manifest.
131 silly tarball no local data for jsonwebtoken@https://registry.npmjs.org/jsonwebtoken/-/jsonwebtoken-9.0.3.tgz. Extracting by manifest.
132 silly tarball no local data for bcrypt@https://registry.npmjs.org/bcrypt/-/bcrypt-6.0.0.tgz. Extracting by manifest.
133 http fetch POST 200 https://registry.npmjs.org/-/npm/v1/security/advisories/bulk 228ms
134 timing auditReport:getReport Completed in 234ms
135 silly audit report {}
136 timing auditReport:init Completed in 0ms
137 timing reify:audit Completed in 236ms
138 http fetch GET 200 https://registry.npmjs.org/buffer-equal-constant-time/-/buffer-equal-constant-time-1.0.1.tgz 285ms (cache miss)
139 timing reifyNode:node_modules/buffer-equal-constant-time Completed in 309ms
140 http fetch GET 200 https://registry.npmjs.org/lodash.isinteger/-/lodash.isinteger-4.0.4.tgz 266ms (cache miss)
141 timing reifyNode:node_modules/lodash.isinteger Completed in 311ms
142 http fetch GET 200 https://registry.npmjs.org/jwa/-/jwa-2.0.1.tgz 286ms (cache miss)
143 timing reifyNode:node_modules/jwa Completed in 314ms
144 http fetch GET 200 https://registry.npmjs.org/lodash.isnumber/-/lodash.isnumber-3.0.3.tgz 279ms (cache miss)
145 timing reifyNode:node_modules/lodash.isnumber Completed in 322ms
146 http fetch GET 200 https://registry.npmjs.org/lodash.once/-/lodash.once-4.1.1.tgz 292ms (cache miss)
147 timing reifyNode:node_modules/lodash.once Completed in 324ms
148 http fetch GET 200 https://registry.npmjs.org/lodash.isplainobject/-/lodash.isplainobject-4.0.6.tgz 289ms (cache miss)
149 timing reifyNode:node_modules/lodash.isplainobject Completed in 325ms
150 http fetch GET 200 https://registry.npmjs.org/lodash.isstring/-/lodash.isstring-4.0.1.tgz 291ms (cache miss)
151 timing reifyNode:node_modules/lodash.isstring Completed in 325ms
152 http fetch GET 200 https://registry.npmjs.org/ecdsa-sig-formatter/-/ecdsa-sig-formatter-1.0.11.tgz 313ms (cache miss)
153 timing reifyNode:node_modules/ecdsa-sig-formatter Completed in 334ms
154 http fetch GET 200 https://registry.npmjs.org/lodash.includes/-/lodash.includes-4.3.0.tgz 282ms (cache miss)
155 timing reifyNode:node_modules/lodash.includes Completed in 334ms
156 http fetch GET 200 https://registry.npmjs.org/lodash.isboolean/-/lodash.isboolean-3.0.3.tgz 291ms (cache miss)
157 timing reifyNode:node_modules/lodash.isboolean Completed in 337ms
158 http fetch GET 200 https://registry.npmjs.org/node-gyp-build/-/node-gyp-build-4.8.4.tgz 282ms (cache miss)
159 timing reifyNode:node_modules/node-gyp-build Completed in 339ms
160 http fetch GET 200 https://registry.npmjs.org/safe-buffer/-/safe-buffer-5.2.1.tgz 315ms (cache miss)
161 timing reifyNode:node_modules/safe-buffer Completed in 341ms
162 http fetch GET 200 https://registry.npmjs.org/jws/-/jws-4.0.1.tgz 291ms (cache miss)
163 timing reifyNode:node_modules/jws Completed in 345ms
164 http fetch GET 200 https://registry.npmjs.org/jsonwebtoken/-/jsonwebtoken-9.0.3.tgz 298ms (cache miss)
165 timing reifyNode:node_modules/jsonwebtoken Completed in 359ms
166 http fetch GET 200 https://registry.npmjs.org/node-addon-api/-/node-addon-api-8.5.0.tgz 323ms (cache miss)
167 timing reifyNode:node_modules/node-addon-api Completed in 382ms
168 http fetch GET 200 https://registry.npmjs.org/semver/-/semver-7.7.3.tgz 363ms (cache miss)
169 timing reifyNode:node_modules/semver Completed in 393ms
170 http fetch GET 200 https://registry.npmjs.org/bcrypt/-/bcrypt-6.0.0.tgz 347ms (cache miss)
171 timing reifyNode:node_modules/bcrypt Completed in 413ms
172 timing reify:unpack Completed in 415ms
173 timing reify:unretire Completed in 0ms
174 timing build:queue Completed in 2ms
175 timing build:link:node_modules/node-gyp-build Completed in 4ms
176 timing build:link:node_modules/semver Completed in 3ms
177 timing build:link Completed in 4ms
178 info run bcrypt@6.0.0 install node_modules/bcrypt node-gyp-build
179 info run bcrypt@6.0.0 install { code: 0, signal: null }
180 timing build:run:install:node_modules/bcrypt Completed in 297ms
181 timing build:run:install Completed in 298ms
182 timing build:deps Completed in 305ms
183 timing build Completed in 305ms
184 timing reify:build Completed in 306ms
185 timing reify:trash Completed in 0ms
186 timing reify:save Completed in 37ms
187 timing reify Completed in 1460ms
188 silly ADD node_modules/ecdsa-sig-formatter
189 silly ADD node_modules/buffer-equal-constant-time
190 silly ADD node_modules/safe-buffer
191 silly ADD node_modules/jwa
192 silly ADD node_modules/semver
193 silly ADD node_modules/lodash.once
194 silly ADD node_modules/lodash.isstring
195 silly ADD node_modules/lodash.isplainobject
196 silly ADD node_modules/lodash.isnumber
197 silly ADD node_modules/lodash.isinteger
198 silly ADD node_modules/lodash.isboolean
199 silly ADD node_modules/lodash.includes
200 silly ADD node_modules/jws
201 silly ADD node_modules/node-gyp-build
202 silly ADD node_modules/node-addon-api
203 silly ADD node_modules/jsonwebtoken
204 silly ADD node_modules/bcrypt
205 timing command:install Completed in 1471ms
206 verbose exit 0
207 timing npm Completed in 1525ms
208 info ok
