0 verbose cli /usr/bin/node /usr/bin/npm
1 info using npm@9.2.0
2 info using node@v18.19.1
3 timing npm:load:whichnode Completed in 0ms
4 timing config:load:defaults Completed in 3ms
5 timing config:load:file:/usr/share/nodejs/npm/npmrc Completed in 3ms
6 timing config:load:builtin Completed in 3ms
7 timing config:load:cli Completed in 2ms
8 timing config:load:env Completed in 1ms
9 timing config:load:project Completed in 1ms
10 timing config:load:file:/home/ubuntu/.npmrc Completed in 0ms
11 timing config:load:user Completed in 0ms
12 timing config:load:file:/etc/npmrc Completed in 0ms
13 timing config:load:global Completed in 0ms
14 timing config:load:setEnvs Completed in 1ms
15 timing config:load Completed in 12ms
16 timing npm:load:configload Completed in 12ms
17 timing npm:load:mkdirpcache Completed in 0ms
18 timing npm:load:mkdirplogs Completed in 0ms
19 verbose title npm install
20 verbose argv "install"
21 timing npm:load:setTitle Completed in 1ms
22 timing config:load:flatten Completed in 4ms
23 timing npm:load:display Completed in 5ms
24 verbose logfile logs-max:10 dir:/home/ubuntu/.npm/_logs/2025-12-23T00_02_18_593Z-
25 verbose logfile /home/ubuntu/.npm/_logs/2025-12-23T00_02_18_593Z-debug-0.log
26 timing npm:load:logFile Completed in 10ms
27 timing npm:load:timers Completed in 0ms
28 timing npm:load:configScope Completed in 0ms
29 timing npm:load Completed in 30ms
30 silly logfile done cleaning log files
31 timing config:load:flatten Completed in 0ms
32 timing arborist:ctor Completed in 1ms
33 timing idealTree:init Completed in 120ms
34 timing idealTree:userRequests Completed in 0ms
35 silly idealTree buildDeps
36 timing idealTree:#root Completed in 1ms
37 timing idealTree:buildDeps Completed in 2ms
38 timing idealTree:fixDepFlags Completed in 0ms
39 timing idealTree Completed in 127ms
40 timing arborist:ctor Completed in 1ms
41 timing reify:loadTrees Completed in 203ms
42 timing reify:diffTrees Completed in 5ms
43 silly reify moves {}
44 timing reify:retireShallow Completed in 2ms
45 timing reify:createSparse Completed in 0ms
46 timing reify:loadBundles Completed in 0ms
47 silly audit bulk request {
47 silly audit   accepts: [ '2.0.0' ],
47 silly audit   async: [ '3.2.6' ],
47 silly audit   'balanced-match': [ '1.0.2' ],
47 silly audit   bcrypt: [ '6.0.0' ],
47 silly audit   'body-parser': [ '2.2.1' ],
47 silly audit   'brace-expansion': [ '2.0.2' ],
47 silly audit   'buffer-equal-constant-time': [ '1.0.1' ],
47 silly audit   bytes: [ '3.1.2' ],
47 silly audit   'call-bind-apply-helpers': [ '1.0.2' ],
47 silly audit   'call-bound': [ '1.0.4' ],
47 silly audit   'content-disposition': [ '1.0.1' ],
47 silly audit   'content-type': [ '1.0.5' ],
47 silly audit   cookie: [ '0.7.2' ],
47 silly audit   'cookie-signature': [ '1.2.2' ],
47 silly audit   debug: [ '4.4.3' ],
47 silly audit   depd: [ '2.0.0' ],
47 silly audit   'dunder-proto': [ '1.0.1' ],
47 silly audit   'ecdsa-sig-formatter': [ '1.0.11' ],
47 silly audit   'ee-first': [ '1.1.1' ],
47 silly audit   ejs: [ '3.1.10' ],
47 silly audit   encodeurl: [ '2.0.0' ],
47 silly audit   'es-define-property': [ '1.0.1' ],
47 silly audit   'es-errors': [ '1.3.0' ],
47 silly audit   'es-object-atoms': [ '1.1.1' ],
47 silly audit   'escape-html': [ '1.0.3' ],
47 silly audit   etag: [ '1.8.1' ],
47 silly audit   express: [ '5.2.1' ],
47 silly audit   filelist: [ '1.0.4' ],
47 silly audit   finalhandler: [ '2.1.1' ],
47 silly audit   forwarded: [ '0.2.0' ],
47 silly audit   fresh: [ '2.0.0' ],
47 silly audit   'function-bind': [ '1.1.2' ],
47 silly audit   'get-intrinsic': [ '1.3.0' ],
47 silly audit   'get-proto': [ '1.0.1' ],
47 silly audit   gopd: [ '1.2.0' ],
47 silly audit   'has-symbols': [ '1.1.0' ],
47 silly audit   hasown: [ '2.0.2' ],
47 silly audit   'http-errors': [ '2.0.1' ],
47 silly audit   'iconv-lite': [ '0.7.1' ],
47 silly audit   inherits: [ '2.0.4' ],
47 silly audit   'ipaddr.js': [ '1.9.1' ],
47 silly audit   'is-promise': [ '4.0.0' ],
47 silly audit   jake: [ '10.9.4' ],
47 silly audit   jsonwebtoken: [ '9.0.3' ],
47 silly audit   jwa: [ '2.0.1' ],
47 silly audit   jws: [ '4.0.1' ],
47 silly audit   'lodash.includes': [ '4.3.0' ],
47 silly audit   'lodash.isboolean': [ '3.0.3' ],
47 silly audit   'lodash.isinteger': [ '4.0.4' ],
47 silly audit   'lodash.isnumber': [ '3.0.3' ],
47 silly audit   'lodash.isplainobject': [ '4.0.6' ],
47 silly audit   'lodash.isstring': [ '4.0.1' ],
47 silly audit   'lodash.once': [ '4.1.1' ],
47 silly audit   'math-intrinsics': [ '1.1.0' ],
47 silly audit   'media-typer': [ '1.1.0' ],
47 silly audit   'merge-descriptors': [ '2.0.0' ],
47 silly audit   'mime-db': [ '1.54.0' ],
47 silly audit   'mime-types': [ '3.0.2' ],
47 silly audit   minimatch: [ '5.1.6' ],
47 silly audit   ms: [ '2.1.3' ],
47 silly audit   negotiator: [ '1.0.0' ],
47 silly audit   'node-addon-api': [ '8.5.0' ],
47 silly audit   'node-gyp-build': [ '4.8.4' ],
47 silly audit   'object-inspect': [ '1.13.4' ],
47 silly audit   'on-finished': [ '2.4.1' ],
47 silly audit   once: [ '1.4.0' ],
47 silly audit   parseurl: [ '1.3.3' ],
47 silly audit   'path-to-regexp': [ '8.3.0' ],
47 silly audit   pg: [ '8.16.3' ],
47 silly audit   'pg-cloudflare': [ '1.2.7' ],
47 silly audit   'pg-connection-string': [ '2.9.1' ],
47 silly audit   'pg-int8': [ '1.0.1' ],
47 silly audit   'pg-pool': [ '3.10.1' ],
47 silly audit   'pg-protocol': [ '1.10.3' ],
47 silly audit   'pg-types': [ '2.2.0' ],
47 silly audit   pgpass: [ '1.0.5' ],
47 silly audit   picocolors: [ '1.1.1' ],
47 silly audit   'postgres-array': [ '2.0.0' ],
47 silly audit   'postgres-bytea': [ '1.0.1' ],
47 silly audit   'postgres-date': [ '1.0.7' ],
47 silly audit   'postgres-interval': [ '1.2.0' ],
47 silly audit   'proxy-addr': [ '2.0.7' ],
47 silly audit   qs: [ '6.14.0' ],
47 silly audit   'range-parser': [ '1.2.1' ],
47 silly audit   'raw-body': [ '3.0.2' ],
47 silly audit   router: [ '2.2.0' ],
47 silly audit   'safe-buffer': [ '5.2.1' ],
47 silly audit   'safer-buffer': [ '2.1.2' ],
47 silly audit   semver: [ '7.7.3' ],
47 silly audit   send: [ '1.2.1' ],
47 silly audit   'serve-static': [ '2.2.1' ],
47 silly audit   setprototypeof: [ '1.2.0' ],
47 silly audit   'side-channel': [ '1.1.0' ],
47 silly audit   'side-channel-list': [ '1.0.0' ],
47 silly audit   'side-channel-map': [ '1.0.1' ],
47 silly audit   'side-channel-weakmap': [ '1.0.2' ],
47 silly audit   split2: [ '4.2.0' ],
47 silly audit   statuses: [ '2.0.2' ],
47 silly audit   toidentifier: [ '1.0.1' ],
47 silly audit   'type-is': [ '2.0.1' ],
47 silly audit   unpipe: [ '1.0.0' ],
47 silly audit   vary: [ '1.1.2' ],
47 silly audit   wrappy: [ '1.0.2' ],
47 silly audit   xtend: [ '4.0.2' ]
47 silly audit }
48 timing reify:unpack Completed in 3ms
49 timing reify:unretire Completed in 0ms
50 timing build:queue Completed in 0ms
51 timing build:deps Completed in 0ms
52 timing build Completed in 0ms
53 timing reify:build Completed in 1ms
54 timing reify:trash Completed in 0ms
55 timing reify:save Completed in 38ms
56 http fetch POST 200 https://registry.npmjs.org/-/npm/v1/security/advisories/bulk 271ms
57 timing auditReport:getReport Completed in 277ms
58 silly audit report {}
59 timing auditReport:init Completed in 0ms
60 timing reify:audit Completed in 278ms
61 timing reify Completed in 492ms
62 timing command:install Completed in 504ms
63 verbose exit 0
64 timing npm Completed in 564ms
65 info ok
