0 verbose cli /usr/bin/node /usr/bin/npm
1 info using npm@9.2.0
2 info using node@v18.19.1
3 timing npm:load:whichnode Completed in 0ms
4 timing config:load:defaults Completed in 2ms
5 timing config:load:file:/usr/share/nodejs/npm/npmrc Completed in 5ms
6 timing config:load:builtin Completed in 5ms
7 timing config:load:cli Completed in 3ms
8 timing config:load:env Completed in 1ms
9 timing config:load:project Completed in 1ms
10 timing config:load:file:/home/ubuntu/.npmrc Completed in 0ms
11 timing config:load:user Completed in 1ms
12 timing config:load:file:/etc/npmrc Completed in 0ms
13 timing config:load:global Completed in 0ms
14 timing config:load:setEnvs Completed in 1ms
15 timing config:load Completed in 15ms
16 timing npm:load:configload Completed in 15ms
17 timing npm:load:mkdirpcache Completed in 1ms
18 timing npm:load:mkdirplogs Completed in 0ms
19 verbose title npm install pg
20 verbose argv "install" "pg"
21 timing npm:load:setTitle Completed in 2ms
22 timing config:load:flatten Completed in 5ms
23 timing npm:load:display Completed in 6ms
24 verbose logfile logs-max:10 dir:/home/ubuntu/.npm/_logs/2025-12-22T21_34_00_713Z-
25 verbose logfile /home/ubuntu/.npm/_logs/2025-12-22T21_34_00_713Z-debug-0.log
26 timing npm:load:logFile Completed in 9ms
27 timing npm:load:timers Completed in 0ms
28 timing npm:load:configScope Completed in 0ms
29 timing npm:load Completed in 35ms
30 silly logfile done cleaning log files
31 timing config:load:flatten Completed in 1ms
32 timing arborist:ctor Completed in 1ms
33 timing idealTree:init Completed in 41ms
34 timing idealTree:userRequests Completed in 3ms
35 silly idealTree buildDeps
36 silly fetch manifest pg@^8.16.3
37 timing arborist:ctor Completed in 0ms
38 http fetch GET 200 https://registry.npmjs.org/pg 158ms (cache revalidated)
39 silly fetch manifest pg-native@>=3.0.1
40 http fetch GET 200 https://registry.npmjs.org/pg-native 27ms (cache revalidated)
41 silly placeDep ROOT pg@8.16.3 REPLACE for:  want: ^8.16.3
42 timing idealTree:#root Completed in 200ms
43 timing idealTree:node_modules/pg Completed in 1ms
44 timing idealTree:buildDeps Completed in 202ms
45 timing idealTree:fixDepFlags Completed in 0ms
46 timing idealTree Completed in 248ms
47 timing reify:loadTrees Completed in 251ms
48 timing reify:diffTrees Completed in 3ms
49 silly reify moves {}
50 timing reify:retireShallow Completed in 1ms
51 timing reify:createSparse Completed in 0ms
52 timing reify:loadBundles Completed in 0ms
53 silly audit bulk request {
53 silly audit   'pg-cloudflare': [ '1.2.7' ],
53 silly audit   'pg-connection-string': [ '2.9.1' ],
53 silly audit   'pg-int8': [ '1.0.1' ],
53 silly audit   'pg-pool': [ '3.10.1' ],
53 silly audit   'pg-protocol': [ '1.10.3' ],
53 silly audit   'pg-types': [ '2.2.0' ],
53 silly audit   pgpass: [ '1.0.5' ],
53 silly audit   'postgres-array': [ '2.0.0' ],
53 silly audit   'postgres-bytea': [ '1.0.1' ],
53 silly audit   'postgres-date': [ '1.0.7' ],
53 silly audit   'postgres-interval': [ '1.2.0' ],
53 silly audit   split2: [ '4.2.0' ],
53 silly audit   xtend: [ '4.0.2' ],
53 silly audit   pg: [ '8.16.3' ]
53 silly audit }
54 timing reify:unpack Completed in 0ms
55 timing reify:unretire Completed in 0ms
56 timing build:queue Completed in 0ms
57 timing build:deps Completed in 0ms
58 timing build Completed in 0ms
59 timing reify:build Completed in 1ms
60 timing reify:trash Completed in 0ms
61 timing reify:save Completed in 15ms
62 http fetch POST 200 https://registry.npmjs.org/-/npm/v1/security/advisories/bulk 161ms
63 timing auditReport:getReport Completed in 164ms
64 silly audit report {}
65 timing auditReport:init Completed in 0ms
66 timing reify:audit Completed in 165ms
67 timing reify Completed in 424ms
68 timing command:install Completed in 442ms
69 verbose exit 0
70 timing npm Completed in 500ms
71 info ok
