0 verbose cli /usr/bin/node /usr/bin/npm
1 info using npm@9.2.0
2 info using node@v18.19.1
3 timing npm:load:whichnode Completed in 0ms
4 timing config:load:defaults Completed in 2ms
5 timing config:load:file:/usr/share/nodejs/npm/npmrc Completed in 4ms
6 timing config:load:builtin Completed in 4ms
7 timing config:load:cli Completed in 3ms
8 timing config:load:env Completed in 0ms
9 timing config:load:project Completed in 1ms
10 timing config:load:file:/home/ubuntu/.npmrc Completed in 1ms
11 timing config:load:user Completed in 1ms
12 timing config:load:file:/etc/npmrc Completed in 0ms
13 timing config:load:global Completed in 1ms
14 timing config:load:setEnvs Completed in 1ms
15 timing config:load Completed in 14ms
16 timing npm:load:configload Completed in 15ms
17 timing npm:load:mkdirpcache Completed in 1ms
18 timing npm:load:mkdirplogs Completed in 0ms
19 verbose title npm install nodemailer
20 verbose argv "install" "nodemailer"
21 timing npm:load:setTitle Completed in 2ms
22 timing config:load:flatten Completed in 6ms
23 timing npm:load:display Completed in 7ms
24 verbose logfile logs-max:10 dir:/home/ubuntu/.npm/_logs/2026-01-03T12_13_03_751Z-
25 verbose logfile /home/ubuntu/.npm/_logs/2026-01-03T12_13_03_751Z-debug-0.log
26 timing npm:load:logFile Completed in 9ms
27 timing npm:load:timers Completed in 1ms
28 timing npm:load:configScope Completed in 0ms
29 timing npm:load Completed in 35ms
30 silly logfile start cleaning logs, removing 1 files
31 timing config:load:flatten Completed in 1ms
32 timing arborist:ctor Completed in 1ms
33 silly logfile done cleaning log files
34 timing idealTree:init Completed in 134ms
35 timing idealTree:userRequests Completed in 3ms
36 silly idealTree buildDeps
37 silly fetch manifest nodemailer@*
38 timing arborist:ctor Completed in 0ms
39 http fetch GET 200 https://registry.npmjs.org/nodemailer 203ms (cache miss)
40 silly placeDep ROOT nodemailer@7.0.12 OK for: ubuntu@1.0.0 want: *
41 timing idealTree:#root Completed in 219ms
42 timing idealTree:node_modules/nodemailer Completed in 0ms
43 timing idealTree:buildDeps Completed in 221ms
44 timing idealTree:fixDepFlags Completed in 1ms
45 timing idealTree Completed in 364ms
46 timing reify:loadTrees Completed in 365ms
47 timing reify:diffTrees Completed in 7ms
48 silly reify moves {}
49 timing reify:retireShallow Completed in 2ms
50 timing reify:createSparse Completed in 1ms
51 timing reify:loadBundles Completed in 0ms
52 silly audit bulk request {
52 silly audit   accepts: [ '2.0.0' ],
52 silly audit   async: [ '3.2.6' ],
52 silly audit   'balanced-match': [ '1.0.2' ],
52 silly audit   bcrypt: [ '6.0.0' ],
52 silly audit   'body-parser': [ '2.2.1' ],
52 silly audit   'brace-expansion': [ '2.0.2' ],
52 silly audit   'buffer-equal-constant-time': [ '1.0.1' ],
52 silly audit   bytes: [ '3.1.2' ],
52 silly audit   'call-bind-apply-helpers': [ '1.0.2' ],
52 silly audit   'call-bound': [ '1.0.4' ],
52 silly audit   'content-disposition': [ '1.0.1' ],
52 silly audit   'content-type': [ '1.0.5' ],
52 silly audit   cookie: [ '0.7.2' ],
52 silly audit   'cookie-signature': [ '1.2.2' ],
52 silly audit   debug: [ '4.4.3' ],
52 silly audit   depd: [ '2.0.0' ],
52 silly audit   dotenv: [ '17.2.3' ],
52 silly audit   'dunder-proto': [ '1.0.1' ],
52 silly audit   'ecdsa-sig-formatter': [ '1.0.11' ],
52 silly audit   'ee-first': [ '1.1.1' ],
52 silly audit   ejs: [ '3.1.10' ],
52 silly audit   encodeurl: [ '2.0.0' ],
52 silly audit   'es-define-property': [ '1.0.1' ],
52 silly audit   'es-errors': [ '1.3.0' ],
52 silly audit   'es-object-atoms': [ '1.1.1' ],
52 silly audit   'escape-html': [ '1.0.3' ],
52 silly audit   etag: [ '1.8.1' ],
52 silly audit   express: [ '5.2.1' ],
52 silly audit   filelist: [ '1.0.4' ],
52 silly audit   finalhandler: [ '2.1.1' ],
52 silly audit   forwarded: [ '0.2.0' ],
52 silly audit   fresh: [ '2.0.0' ],
52 silly audit   'function-bind': [ '1.1.2' ],
52 silly audit   'get-intrinsic': [ '1.3.0' ],
52 silly audit   'get-proto': [ '1.0.1' ],
52 silly audit   gopd: [ '1.2.0' ],
52 silly audit   'has-symbols': [ '1.1.0' ],
52 silly audit   hasown: [ '2.0.2' ],
52 silly audit   'http-errors': [ '2.0.1' ],
52 silly audit   'iconv-lite': [ '0.7.1' ],
52 silly audit   inherits: [ '2.0.4' ],
52 silly audit   'ipaddr.js': [ '1.9.1' ],
52 silly audit   'is-promise': [ '4.0.0' ],
52 silly audit   jake: [ '10.9.4' ],
52 silly audit   jsonwebtoken: [ '9.0.3' ],
52 silly audit   jwa: [ '2.0.1' ],
52 silly audit   jws: [ '4.0.1' ],
52 silly audit   'lodash.includes': [ '4.3.0' ],
52 silly audit   'lodash.isboolean': [ '3.0.3' ],
52 silly audit   'lodash.isinteger': [ '4.0.4' ],
52 silly audit   'lodash.isnumber': [ '3.0.3' ],
52 silly audit   'lodash.isplainobject': [ '4.0.6' ],
52 silly audit   'lodash.isstring': [ '4.0.1' ],
52 silly audit   'lodash.once': [ '4.1.1' ],
52 silly audit   'math-intrinsics': [ '1.1.0' ],
52 silly audit   'media-typer': [ '1.1.0' ],
52 silly audit   'merge-descriptors': [ '2.0.0' ],
52 silly audit   'mime-db': [ '1.54.0' ],
52 silly audit   'mime-types': [ '3.0.2' ],
52 silly audit   minimatch: [ '5.1.6' ],
52 silly audit   ms: [ '2.1.3' ],
52 silly audit   negotiator: [ '1.0.0' ],
52 silly audit   'node-addon-api': [ '8.5.0' ],
52 silly audit   'node-gyp-build': [ '4.8.4' ],
52 silly audit   'object-inspect': [ '1.13.4' ],
52 silly audit   'on-finished': [ '2.4.1' ],
52 silly audit   once: [ '1.4.0' ],
52 silly audit   parseurl: [ '1.3.3' ],
52 silly audit   'path-to-regexp': [ '8.3.0' ],
52 silly audit   pg: [ '8.16.3' ],
52 silly audit   'pg-cloudflare': [ '1.2.7' ],
52 silly audit   'pg-connection-string': [ '2.9.1' ],
52 silly audit   'pg-int8': [ '1.0.1' ],
52 silly audit   'pg-pool': [ '3.10.1' ],
52 silly audit   'pg-protocol': [ '1.10.3' ],
52 silly audit   'pg-types': [ '2.2.0' ],
52 silly audit   pgpass: [ '1.0.5' ],
52 silly audit   picocolors: [ '1.1.1' ],
52 silly audit   'postgres-array': [ '2.0.0' ],
52 silly audit   'postgres-bytea': [ '1.0.1' ],
52 silly audit   'postgres-date': [ '1.0.7' ],
52 silly audit   'postgres-interval': [ '1.2.0' ],
52 silly audit   'proxy-addr': [ '2.0.7' ],
52 silly audit   qs: [ '6.14.0' ],
52 silly audit   'range-parser': [ '1.2.1' ],
52 silly audit   'raw-body': [ '3.0.2' ],
52 silly audit   router: [ '2.2.0' ],
52 silly audit   'safe-buffer': [ '5.2.1' ],
52 silly audit   'safer-buffer': [ '2.1.2' ],
52 silly audit   semver: [ '7.7.3' ],
52 silly audit   send: [ '1.2.1' ],
52 silly audit   'serve-static': [ '2.2.1' ],
52 silly audit   setprototypeof: [ '1.2.0' ],
52 silly audit   'side-channel': [ '1.1.0' ],
52 silly audit   'side-channel-list': [ '1.0.0' ],
52 silly audit   'side-channel-map': [ '1.0.1' ],
52 silly audit   'side-channel-weakmap': [ '1.0.2' ],
52 silly audit   split2: [ '4.2.0' ],
52 silly audit   statuses: [ '2.0.2' ],
52 silly audit   toidentifier: [ '1.0.1' ],
52 silly audit   'type-is': [ '2.0.1' ],
52 silly audit   unpipe: [ '1.0.0' ],
52 silly audit   vary: [ '1.1.2' ],
52 silly audit   wrappy: [ '1.0.2' ],
52 silly audit   xtend: [ '4.0.2' ],
52 silly audit   nodemailer: [ '7.0.12' ]
52 silly audit }
53 silly tarball no local data for nodemailer@https://registry.npmjs.org/nodemailer/-/nodemailer-7.0.12.tgz. Extracting by manifest.
54 http fetch POST 200 https://registry.npmjs.org/-/npm/v1/security/advisories/bulk 130ms
55 timing auditReport:getReport Completed in 137ms
56 silly audit report {
56 silly audit report   qs: [
56 silly audit report     {
56 silly audit report       id: 1111755,
56 silly audit report       url: 'https://github.com/advisories/GHSA-6rw7-vpxm-498p',
56 silly audit report       title: "qs's arrayLimit bypass in its bracket notation allows DoS via memory exhaustion",
56 silly audit report       severity: 'high',
56 silly audit report       vulnerable_versions: '<6.14.1',
56 silly audit report       cwe: [Array],
56 silly audit report       cvss: [Object]
56 silly audit report     }
56 silly audit report   ]
56 silly audit report }
57 timing metavuln:cache:get:security-advisory:qs:zqsmg1k4Z4BPKMia2H8icszbNdFnzjl31dLiyNW1eTldduRMRKu4sT76Wg+AGuz//aVwtGlFRpKXoQ7OX74Jbw== Completed in 2ms
58 http fetch GET 200 https://registry.npmjs.org/nodemailer/-/nodemailer-7.0.12.tgz 134ms (cache miss)
59 timing reifyNode:node_modules/nodemailer Completed in 152ms
60 timing reify:unpack Completed in 152ms
61 timing reify:unretire Completed in 0ms
62 timing build:queue Completed in 1ms
63 timing build:deps Completed in 1ms
64 timing build Completed in 1ms
65 timing reify:build Completed in 2ms
66 timing reify:trash Completed in 0ms
67 timing reify:save Completed in 45ms
68 http fetch GET 200 https://registry.npmjs.org/qs 97ms (cache updated)
69 timing metavuln:packument:qs Completed in 102ms
70 timing metavuln:load:security-advisory:qs:1111755 Completed in 11ms
71 timing metavuln:cache:put:security-advisory:qs:zqsmg1k4Z4BPKMia2H8icszbNdFnzjl31dLiyNW1eTldduRMRKu4sT76Wg+AGuz//aVwtGlFRpKXoQ7OX74Jbw== Completed in 17ms
72 timing metavuln:calculate:security-advisory:qs:1111755 Completed in 130ms
73 timing metavuln:cache:get:security-advisory:body-parser:ep1aADydx8c/nTdnqxPAdHbpA3Wel/7uuSNqA0MM5Pf0G4q6nSm3468viOUldZKi5yugJWOg97InODCOUIy5eQ== Completed in 4ms
74 timing metavuln:cache:get:security-advisory:express:/OVS0UUiScKy8vU8bsb88UcNwxeIv3evmGihrFETyHy0+SnFim+Rp57vCEUxk5sjeXf60H3w1IOA+msbk5ykmg== Completed in 3ms
75 http fetch GET 200 https://registry.npmjs.org/body-parser 52ms (cache revalidated)
76 timing metavuln:packument:body-parser Completed in 54ms
77 timing metavuln:load:security-advisory:body-parser:zqsmg1k4Z4BPKMia2H8icszbNdFnzjl31dLiyNW1eTldduRMRKu4sT76Wg+AGuz//aVwtGlFRpKXoQ7OX74Jbw== Completed in 50ms
78 http fetch GET 200 https://registry.npmjs.org/express 114ms (cache revalidated)
79 timing metavuln:packument:express Completed in 125ms
80 timing metavuln:load:security-advisory:express:zqsmg1k4Z4BPKMia2H8icszbNdFnzjl31dLiyNW1eTldduRMRKu4sT76Wg+AGuz//aVwtGlFRpKXoQ7OX74Jbw== Completed in 33ms
81 timing metavuln:cache:put:security-advisory:body-parser:ep1aADydx8c/nTdnqxPAdHbpA3Wel/7uuSNqA0MM5Pf0G4q6nSm3468viOUldZKi5yugJWOg97InODCOUIy5eQ== Completed in 66ms
82 timing metavuln:calculate:security-advisory:body-parser:zqsmg1k4Z4BPKMia2H8icszbNdFnzjl31dLiyNW1eTldduRMRKu4sT76Wg+AGuz//aVwtGlFRpKXoQ7OX74Jbw== Completed in 170ms
83 timing metavuln:cache:put:security-advisory:express:/OVS0UUiScKy8vU8bsb88UcNwxeIv3evmGihrFETyHy0+SnFim+Rp57vCEUxk5sjeXf60H3w1IOA+msbk5ykmg== Completed in 12ms
84 timing metavuln:calculate:security-advisory:express:zqsmg1k4Z4BPKMia2H8icszbNdFnzjl31dLiyNW1eTldduRMRKu4sT76Wg+AGuz//aVwtGlFRpKXoQ7OX74Jbw== Completed in 170ms
85 timing auditReport:init Completed in 303ms
86 timing reify:audit Completed in 441ms
87 timing reify Completed in 821ms
88 silly ADD node_modules/nodemailer
89 timing command:install Completed in 837ms
90 verbose exit 0
91 timing npm Completed in 911ms
92 info ok
